Arguments: 
  /usr/local/bin/node /usr/local/Cellar/yarn/1.22.0/libexec/bin/yarn.js init

PATH: 
  /Users/rstuder/.rvm/gems/ruby-2.6.3/bin:/Users/rstuder/.rvm/gems/ruby-2.6.3@global/bin:/Users/rstuder/.rvm/rubies/ruby-2.6.3/bin:/usr/local/opt/imagemagick@6/bin:/usr/local/heroku/bin:/usr/local/bin:/usr/bin:/bin:/usr/sbin:/sbin:/Library/TeX/texbin:/usr/local/go/bin:/Library/Frameworks/Mono.framework/Versions/Current/Commands:/Users/rstuder/.rvm/bin

Yarn version: 
  1.22.0

Node version: 
  12.16.1

Platform: 
  darwin x64

Trace: 
  Error: canceled
      at Interface.<anonymous> (/usr/local/Cellar/yarn/1.22.0/libexec/lib/cli.js:136987:13)
      at Interface.emit (events.js:311:20)
      at Interface._ttyWrite (readline.js:893:16)
      at ReadStream.onkeypress (readline.js:198:10)
      at ReadStream.emit (events.js:311:20)
      at emitKeys (internal/readline/utils.js:438:14)
      at emitKeys.next (<anonymous>)
      at ReadStream.onData (readline.js:1160:36)
      at ReadStream.emit (events.js:311:20)
      at addChunk (_stream_readable.js:294:12)

npm manifest: 
  {
    "dependencies": {
      "@fullhuman/postcss-purgecss": "^1.3.0",
      "alpinejs": "^2.0.1",
      "autoprefixer": "^9.7.4",
      "css-loader": "^3.4.2",
      "mini-css-extract-plugin": "^0.9.0",
      "netlify-cms-proxy-server": "^1.1.5",
      "postcss": "^7.0.27",
      "postcss-cli": "^6.1.3",
      "postcss-import": "^12.0.1",
      "postcss-loader": "^3.0.0",
      "style-loader": "^1.1.3",
      "tailwindcss": "^1.2.0",
      "webpack": "^4.41.6",
      "webpack-cli": "^3.3.11"
    }
  }

yarn manifest: 
  No manifest

Lockfile: 
  No lockfile
